
Showing logs for build [32mcb-kubecd-environment-pr-1553-2-mlnzf-1[0m stage [32mfrom-build-pack[0m and container [32mstep-credential-initializer-2gj5p[0m
{"level":"info","ts":1592560536.9307907,"logger":"fallback-logger","caller":"logging/config.go:69","msg":"Fetch GitHub commit ID from kodata failed: open /var/run/ko/refs/heads/0.8.0-ns-support: no such file or directory"}
{"level":"info","ts":1592560536.9315608,"logger":"fallback-logger","caller":"creds-init/main.go:40","msg":"Credentials initialized."}

Showing logs for build [32mcb-kubecd-environment-pr-1553-2-mlnzf-1[0m stage [32mfrom-build-pack[0m and container [32mstep-working-dir-initializer-lbdrm[0m
{"level":"info","ts":1592560537.5452235,"logger":"fallback-logger","caller":"logging/config.go:69","msg":"Fetch GitHub commit ID from kodata failed: open /var/run/ko/HEAD: no such file or directory"}
{"level":"info","ts":1592560537.5470796,"logger":"fallback-logger","caller":"bash/main.go:64","msg":"Successfully executed command \"sh -c mkdir -p /workspace/source\"; output "}

Showing logs for build [32mcb-kubecd-environment-pr-1553-2-mlnzf-1[0m stage [32mfrom-build-pack[0m and container [32mstep-place-tools[0m

Showing logs for build [32mcb-kubecd-environment-pr-1553-2-mlnzf-1[0m stage [32mfrom-build-pack[0m and container [32mstep-git-source-cb-kubecd-environment-pr-1553-2-mlnzf-bjxqm[0m
{"level":"info","ts":1592560543.6844022,"logger":"fallback-logger","caller":"logging/config.go:69","msg":"Fetch GitHub commit ID from kodata failed: open /var/run/ko/refs/heads/0.8.0-ns-support: no such file or directory"}
{"level":"info","ts":1592560544.7903771,"logger":"fallback-logger","caller":"git/git.go:103","msg":"Successfully cloned https://github.com/cb-kubecd/environment-pr-1553-2-bdd-frontend-staging.git @ master in path /workspace/source"}

Showing logs for build [32mcb-kubecd-environment-pr-1553-2-mlnzf-1[0m stage [32mfrom-build-pack[0m and container [32mstep-git-merge[0m
Using SHAs from PULL_REFS=master:53f0bc3ec3b282459424cc25b34c6574bf58b56d,1:b7444f4ac7d142ff5303bf76ae018338e9b68ace
DEBUG: LC_ALL=C JX_LOG_LEVEL=error git fetch origin --unshallow b7444f4ac7d142ff5303bf76ae018338e9b68ace: 53f0bc3ec3b282459424cc25b34c6574bf58b56d:
DEBUG: ran git fetch --unshallow origin b7444f4ac7d142ff5303bf76ae018338e9b68ace: 53f0bc3ec3b282459424cc25b34c6574bf58b56d: in 
DEBUG: LC_ALL=C JX_LOG_LEVEL=error git branch
DEBUG: LC_ALL=C JX_LOG_LEVEL=error git checkout master
DEBUG: ran git checkout master in 
DEBUG: LC_ALL=C JX_LOG_LEVEL=error git reset --hard 53f0bc3ec3b282459424cc25b34c6574bf58b56d
DEBUG: ran git reset --hard 53f0bc3ec3b282459424cc25b34c6574bf58b56d in 
DEBUG: JX_LOG_LEVEL=error LC_ALL=C git clean -fd .
DEBUG: ran clean --force -d . in 
DEBUG: LC_ALL=C JX_LOG_LEVEL=error git merge b7444f4ac7d142ff5303bf76ae018338e9b68ace
DEBUG: ran git merge b7444f4ac7d142ff5303bf76ae018338e9b68ace in 
DEBUG: LC_ALL=C JX_LOG_LEVEL=error git log --format=%H%x1f%an%x1f%ae%x1f%cn%x1f%ce%x1f%s%n%b%x1e 53f0bc3ec3b282459424cc25b34c6574bf58b56d..HEAD
Merged SHA b7444f4ac7d142ff5303bf76ae018338e9b68ace with commit message 'chore: Promote bdd-nh-1592559574 to version 0.0.1' into base branch master

Showing logs for build [32mcb-kubecd-environment-pr-1553-2-mlnzf-1[0m stage [32mfrom-build-pack[0m and container [32mstep-build-helm-build[0m
WARNING: No $CHART_REPOSITORY defined so using the default value of: http://jenkins-x-chartmuseum:8080
Adding missing Helm repo: storage.googleapis.com https://storage.googleapis.com/chartmuseum.jenkins-x.io
WARNING: No secrets found on "helm/repos" due: reading the secret "helm/repos" from vault: no secret "helm/repos" not found in vault
Read credentials for https://storage.googleapis.com/chartmuseum.jenkins-x.io from vault helm/repos
Successfully added Helm repository storage.googleapis.com.
Adding missing Helm repo: jenkins-x-chartmuseum http://jenkins-x-chartmuseum:8080
WARNING: No secrets found on "helm/repos" due: reading the secret "helm/repos" from vault: no secret "helm/repos" not found in vault
Read credentials for http://jenkins-x-chartmuseum:8080 from vault helm/repos
Successfully added Helm repository jenkins-x-chartmuseum.
WARNING: No $CHART_REPOSITORY defined so using the default value of: http://jenkins-x-chartmuseum:8080
Adding missing Helm repo: chartmuseum.jenkins-x.io http://chartmuseum.jenkins-x.io
WARNING: No secrets found on "helm/repos" due: reading the secret "helm/repos" from vault: no secret "helm/repos" not found in vault
Read credentials for http://chartmuseum.jenkins-x.io from vault helm/repos
Successfully added Helm repository chartmuseum.jenkins-x.io.
